<?xml version="1.0" encoding="UTF-8"?>
<coverage generated="1773239484960" clover="3.2.0">
  <project timestamp="1773239484960" name="All files">
    <metrics statements="206" coveredstatements="70" conditionals="103" coveredconditionals="35" methods="48" coveredmethods="24" elements="357" coveredelements="129" complexity="0" loc="206" ncloc="206" packages="11" files="26" classes="26"/>
    <package name="src">
      <metrics statements="32" coveredstatements="9" conditionals="6" coveredconditionals="3" methods="4" coveredmethods="3"/>
      <file name="app.controller.ts" path="/Users/bojanpavlovic/Desktop/Dev/angular-nest-prisma-sdet-tm-app-poc/backend/src/app.controller.ts">
        <metrics statements="6" coveredstatements="6" conditionals="4" coveredconditionals="3" methods="2" coveredmethods="2"/>
        <line num="1" count="1" type="stmt"/>
        <line num="2" count="1" type="stmt"/>
        <line num="5" count="1" type="stmt"/>
        <line num="6" count="1" type="cond" truecount="3" falsecount="1"/>
        <line num="9" count="1" type="stmt"/>
        <line num="10" count="1" type="stmt"/>
      </file>
      <file name="app.module.ts" path="/Users/bojanpavlovic/Desktop/Dev/angular-nest-prisma-sdet-tm-app-poc/backend/src/app.module.ts">
        <metrics statements="11" coveredstatements="0" conditionals="0" coveredconditionals="0" methods="0" coveredmethods="0"/>
        <line num="1" count="0" type="stmt"/>
        <line num="2" count="0" type="stmt"/>
        <line num="3" count="0" type="stmt"/>
        <line num="4" count="0" type="stmt"/>
        <line num="5" count="0" type="stmt"/>
        <line num="6" count="0" type="stmt"/>
        <line num="7" count="0" type="stmt"/>
        <line num="8" count="0" type="stmt"/>
        <line num="9" count="0" type="stmt"/>
        <line num="10" count="0" type="stmt"/>
        <line num="20" count="0" type="stmt"/>
      </file>
      <file name="app.service.ts" path="/Users/bojanpavlovic/Desktop/Dev/angular-nest-prisma-sdet-tm-app-poc/backend/src/app.service.ts">
        <metrics statements="3" coveredstatements="3" conditionals="0" coveredconditionals="0" methods="1" coveredmethods="1"/>
        <line num="1" count="1" type="stmt"/>
        <line num="4" count="1" type="stmt"/>
        <line num="6" count="1" type="stmt"/>
      </file>
      <file name="main.ts" path="/Users/bojanpavlovic/Desktop/Dev/angular-nest-prisma-sdet-tm-app-poc/backend/src/main.ts">
        <metrics statements="12" coveredstatements="0" conditionals="2" coveredconditionals="0" methods="1" coveredmethods="0"/>
        <line num="1" count="0" type="stmt"/>
        <line num="2" count="0" type="stmt"/>
        <line num="3" count="0" type="stmt"/>
        <line num="4" count="0" type="stmt"/>
        <line num="7" count="0" type="stmt"/>
        <line num="8" count="0" type="stmt"/>
        <line num="9" count="0" type="stmt"/>
        <line num="11" count="0" type="stmt"/>
        <line num="20" count="0" type="stmt"/>
        <line num="21" count="0" type="stmt"/>
        <line num="23" count="0" type="cond" truecount="0" falsecount="2"/>
        <line num="25" count="0" type="stmt"/>
      </file>
    </package>
    <package name="src.auth">
      <metrics statements="24" coveredstatements="12" conditionals="18" coveredconditionals="8" methods="5" coveredmethods="3"/>
      <file name="auth.controller.ts" path="/Users/bojanpavlovic/Desktop/Dev/angular-nest-prisma-sdet-tm-app-poc/backend/src/auth/auth.controller.ts">
        <metrics statements="8" coveredstatements="0" conditionals="8" coveredconditionals="0" methods="2" coveredmethods="0"/>
        <line num="1" count="0" type="stmt"/>
        <line num="2" count="0" type="stmt"/>
        <line num="3" count="0" type="stmt"/>
        <line num="4" count="0" type="stmt"/>
        <line num="8" count="0" type="stmt"/>
        <line num="9" count="0" type="cond" truecount="0" falsecount="4"/>
        <line num="12" count="0" type="cond" truecount="0" falsecount="4"/>
        <line num="13" count="0" type="stmt"/>
      </file>
      <file name="auth.module.ts" path="/Users/bojanpavlovic/Desktop/Dev/angular-nest-prisma-sdet-tm-app-poc/backend/src/auth/auth.module.ts">
        <metrics statements="4" coveredstatements="0" conditionals="0" coveredconditionals="0" methods="0" coveredmethods="0"/>
        <line num="1" count="0" type="stmt"/>
        <line num="2" count="0" type="stmt"/>
        <line num="3" count="0" type="stmt"/>
        <line num="6" count="0" type="stmt"/>
      </file>
      <file name="auth.service.ts" path="/Users/bojanpavlovic/Desktop/Dev/angular-nest-prisma-sdet-tm-app-poc/backend/src/auth/auth.service.ts">
        <metrics statements="12" coveredstatements="12" conditionals="10" coveredconditionals="8" methods="3" coveredmethods="3"/>
        <line num="1" count="1" type="stmt"/>
        <line num="2" count="1" type="stmt"/>
        <line num="5" count="1" type="stmt"/>
        <line num="10" count="1" type="stmt"/>
        <line num="11" count="3" type="cond" truecount="3" falsecount="1"/>
        <line num="14" count="2" type="cond" truecount="2" falsecount="0"/>
        <line num="15" count="2" type="cond" truecount="2" falsecount="0"/>
        <line num="16" count="1" type="stmt"/>
        <line num="17" count="1" type="cond" truecount="1" falsecount="1"/>
        <line num="18" count="1" type="stmt"/>
        <line num="22" count="1" type="stmt"/>
        <line num="23" count="1" type="stmt"/>
      </file>
    </package>
    <package name="src.auth.dto">
      <metrics statements="5" coveredstatements="0" conditionals="0" coveredconditionals="0" methods="0" coveredmethods="0"/>
      <file name="login.dto.ts" path="/Users/bojanpavlovic/Desktop/Dev/angular-nest-prisma-sdet-tm-app-poc/backend/src/auth/dto/login.dto.ts">
        <metrics statements="5" coveredstatements="0" conditionals="0" coveredconditionals="0" methods="0" coveredmethods="0"/>
        <line num="1" count="0" type="stmt"/>
        <line num="2" count="0" type="stmt"/>
        <line num="4" count="0" type="stmt"/>
        <line num="8" count="0" type="stmt"/>
        <line num="14" count="0" type="stmt"/>
      </file>
    </package>
    <package name="src.common">
      <metrics statements="11" coveredstatements="0" conditionals="13" coveredconditionals="0" methods="1" coveredmethods="0"/>
      <file name="http-exception.filter.ts" path="/Users/bojanpavlovic/Desktop/Dev/angular-nest-prisma-sdet-tm-app-poc/backend/src/common/http-exception.filter.ts">
        <metrics statements="11" coveredstatements="0" conditionals="13" coveredconditionals="0" methods="1" coveredmethods="0"/>
        <line num="1" count="0" type="stmt"/>
        <line num="12" count="0" type="stmt"/>
        <line num="13" count="0" type="stmt"/>
        <line num="16" count="0" type="stmt"/>
        <line num="17" count="0" type="stmt"/>
        <line num="18" count="0" type="stmt"/>
        <line num="19" count="0" type="cond" truecount="0" falsecount="2"/>
        <line num="20" count="0" type="cond" truecount="0" falsecount="4"/>
        <line num="21" count="0" type="cond" truecount="0" falsecount="5"/>
        <line num="22" count="0" type="cond" truecount="0" falsecount="2"/>
        <line num="23" count="0" type="stmt"/>
      </file>
    </package>
    <package name="src.prisma">
      <metrics statements="8" coveredstatements="3" conditionals="0" coveredconditionals="0" methods="2" coveredmethods="0"/>
      <file name="prisma.module.ts" path="/Users/bojanpavlovic/Desktop/Dev/angular-nest-prisma-sdet-tm-app-poc/backend/src/prisma/prisma.module.ts">
        <metrics statements="3" coveredstatements="0" conditionals="0" coveredconditionals="0" methods="0" coveredmethods="0"/>
        <line num="1" count="0" type="stmt"/>
        <line num="2" count="0" type="stmt"/>
        <line num="6" count="0" type="stmt"/>
      </file>
      <file name="prisma.service.ts" path="/Users/bojanpavlovic/Desktop/Dev/angular-nest-prisma-sdet-tm-app-poc/backend/src/prisma/prisma.service.ts">
        <metrics statements="5" coveredstatements="3" conditionals="0" coveredconditionals="0" methods="2" coveredmethods="0"/>
        <line num="1" count="4" type="stmt"/>
        <line num="2" count="4" type="stmt"/>
        <line num="5" count="4" type="stmt"/>
        <line num="7" count="0" type="stmt"/>
        <line num="10" count="0" type="stmt"/>
      </file>
    </package>
    <package name="src.projects">
      <metrics statements="29" coveredstatements="12" conditionals="18" coveredconditionals="4" methods="12" coveredmethods="6"/>
      <file name="projects.controller.ts" path="/Users/bojanpavlovic/Desktop/Dev/angular-nest-prisma-sdet-tm-app-poc/backend/src/projects/projects.controller.ts">
        <metrics statements="12" coveredstatements="0" conditionals="12" coveredconditionals="0" methods="6" coveredmethods="0"/>
        <line num="1" count="0" type="stmt"/>
        <line num="2" count="0" type="stmt"/>
        <line num="3" count="0" type="stmt"/>
        <line num="4" count="0" type="stmt"/>
        <line num="5" count="0" type="stmt"/>
        <line num="9" count="0" type="stmt"/>
        <line num="10" count="0" type="cond" truecount="0" falsecount="4"/>
        <line num="13" count="0" type="cond" truecount="0" falsecount="4"/>
        <line num="15" count="0" type="stmt"/>
        <line num="17" count="0" type="stmt"/>
        <line num="19" count="0" type="cond" truecount="0" falsecount="4"/>
        <line num="21" count="0" type="stmt"/>
      </file>
      <file name="projects.module.ts" path="/Users/bojanpavlovic/Desktop/Dev/angular-nest-prisma-sdet-tm-app-poc/backend/src/projects/projects.module.ts">
        <metrics statements="4" coveredstatements="0" conditionals="0" coveredconditionals="0" methods="0" coveredmethods="0"/>
        <line num="1" count="0" type="stmt"/>
        <line num="2" count="0" type="stmt"/>
        <line num="3" count="0" type="stmt"/>
        <line num="6" count="0" type="stmt"/>
      </file>
      <file name="projects.service.ts" path="/Users/bojanpavlovic/Desktop/Dev/angular-nest-prisma-sdet-tm-app-poc/backend/src/projects/projects.service.ts">
        <metrics statements="13" coveredstatements="12" conditionals="6" coveredconditionals="4" methods="6" coveredmethods="6"/>
        <line num="1" count="1" type="stmt"/>
        <line num="2" count="1" type="stmt"/>
        <line num="7" count="1" type="stmt"/>
        <line num="8" count="6" type="cond" truecount="3" falsecount="1"/>
        <line num="11" count="1" type="stmt"/>
        <line num="15" count="1" type="stmt"/>
        <line num="19" count="1" type="stmt"/>
        <line num="20" count="1" type="cond" truecount="1" falsecount="1"/>
        <line num="21" count="0" type="stmt"/>
        <line num="25" count="1" type="stmt"/>
        <line num="29" count="1" type="stmt"/>
        <line num="30" count="1" type="stmt"/>
        <line num="31" count="1" type="stmt"/>
      </file>
    </package>
    <package name="src.projects.dto">
      <metrics statements="8" coveredstatements="0" conditionals="0" coveredconditionals="0" methods="0" coveredmethods="0"/>
      <file name="create-project.dto.ts" path="/Users/bojanpavlovic/Desktop/Dev/angular-nest-prisma-sdet-tm-app-poc/backend/src/projects/dto/create-project.dto.ts">
        <metrics statements="5" coveredstatements="0" conditionals="0" coveredconditionals="0" methods="0" coveredmethods="0"/>
        <line num="1" count="0" type="stmt"/>
        <line num="2" count="0" type="stmt"/>
        <line num="4" count="0" type="stmt"/>
        <line num="8" count="0" type="stmt"/>
        <line num="13" count="0" type="stmt"/>
      </file>
      <file name="update-project.dto.ts" path="/Users/bojanpavlovic/Desktop/Dev/angular-nest-prisma-sdet-tm-app-poc/backend/src/projects/dto/update-project.dto.ts">
        <metrics statements="3" coveredstatements="0" conditionals="0" coveredconditionals="0" methods="0" coveredmethods="0"/>
        <line num="1" count="0" type="stmt"/>
        <line num="2" count="0" type="stmt"/>
        <line num="4" count="0" type="stmt"/>
      </file>
    </package>
    <package name="src.tasks">
      <metrics statements="30" coveredstatements="13" conditionals="24" coveredconditionals="10" methods="12" coveredmethods="6"/>
      <file name="tasks.controller.ts" path="/Users/bojanpavlovic/Desktop/Dev/angular-nest-prisma-sdet-tm-app-poc/backend/src/tasks/tasks.controller.ts">
        <metrics statements="12" coveredstatements="0" conditionals="12" coveredconditionals="0" methods="6" coveredmethods="0"/>
        <line num="1" count="0" type="stmt"/>
        <line num="2" count="0" type="stmt"/>
        <line num="3" count="0" type="stmt"/>
        <line num="4" count="0" type="stmt"/>
        <line num="5" count="0" type="stmt"/>
        <line num="9" count="0" type="stmt"/>
        <line num="10" count="0" type="cond" truecount="0" falsecount="4"/>
        <line num="13" count="0" type="cond" truecount="0" falsecount="4"/>
        <line num="15" count="0" type="stmt"/>
        <line num="17" count="0" type="stmt"/>
        <line num="19" count="0" type="cond" truecount="0" falsecount="4"/>
        <line num="21" count="0" type="stmt"/>
      </file>
      <file name="tasks.module.ts" path="/Users/bojanpavlovic/Desktop/Dev/angular-nest-prisma-sdet-tm-app-poc/backend/src/tasks/tasks.module.ts">
        <metrics statements="4" coveredstatements="0" conditionals="0" coveredconditionals="0" methods="0" coveredmethods="0"/>
        <line num="1" count="0" type="stmt"/>
        <line num="2" count="0" type="stmt"/>
        <line num="3" count="0" type="stmt"/>
        <line num="6" count="0" type="stmt"/>
      </file>
      <file name="tasks.service.ts" path="/Users/bojanpavlovic/Desktop/Dev/angular-nest-prisma-sdet-tm-app-poc/backend/src/tasks/tasks.service.ts">
        <metrics statements="14" coveredstatements="13" conditionals="12" coveredconditionals="10" methods="6" coveredmethods="6"/>
        <line num="1" count="1" type="stmt"/>
        <line num="2" count="1" type="stmt"/>
        <line num="7" count="1" type="stmt"/>
        <line num="8" count="7" type="cond" truecount="3" falsecount="1"/>
        <line num="11" count="1" type="stmt"/>
        <line num="17" count="2" type="cond" truecount="2" falsecount="0"/>
        <line num="18" count="2" type="stmt"/>
        <line num="25" count="1" type="stmt"/>
        <line num="26" count="1" type="cond" truecount="1" falsecount="1"/>
        <line num="27" count="0" type="stmt"/>
        <line num="31" count="1" type="stmt"/>
        <line num="38" count="1" type="stmt"/>
        <line num="39" count="1" type="stmt"/>
        <line num="40" count="1" type="stmt"/>
      </file>
    </package>
    <package name="src.tasks.dto">
      <metrics statements="12" coveredstatements="0" conditionals="0" coveredconditionals="0" methods="0" coveredmethods="0"/>
      <file name="create-task.dto.ts" path="/Users/bojanpavlovic/Desktop/Dev/angular-nest-prisma-sdet-tm-app-poc/backend/src/tasks/dto/create-task.dto.ts">
        <metrics statements="9" coveredstatements="0" conditionals="0" coveredconditionals="0" methods="0" coveredmethods="0"/>
        <line num="1" count="0" type="stmt"/>
        <line num="2" count="0" type="stmt"/>
        <line num="4" count="0" type="stmt"/>
        <line num="8" count="0" type="stmt"/>
        <line num="13" count="0" type="stmt"/>
        <line num="18" count="0" type="stmt"/>
        <line num="23" count="0" type="stmt"/>
        <line num="28" count="0" type="stmt"/>
        <line num="33" count="0" type="stmt"/>
      </file>
      <file name="update-task.dto.ts" path="/Users/bojanpavlovic/Desktop/Dev/angular-nest-prisma-sdet-tm-app-poc/backend/src/tasks/dto/update-task.dto.ts">
        <metrics statements="3" coveredstatements="0" conditionals="0" coveredconditionals="0" methods="0" coveredmethods="0"/>
        <line num="1" count="0" type="stmt"/>
        <line num="2" count="0" type="stmt"/>
        <line num="4" count="0" type="stmt"/>
      </file>
    </package>
    <package name="src.users">
      <metrics statements="37" coveredstatements="21" conditionals="24" coveredconditionals="10" methods="12" coveredmethods="6"/>
      <file name="users.controller.ts" path="/Users/bojanpavlovic/Desktop/Dev/angular-nest-prisma-sdet-tm-app-poc/backend/src/users/users.controller.ts">
        <metrics statements="12" coveredstatements="0" conditionals="12" coveredconditionals="0" methods="6" coveredmethods="0"/>
        <line num="1" count="0" type="stmt"/>
        <line num="2" count="0" type="stmt"/>
        <line num="3" count="0" type="stmt"/>
        <line num="4" count="0" type="stmt"/>
        <line num="5" count="0" type="stmt"/>
        <line num="9" count="0" type="stmt"/>
        <line num="10" count="0" type="cond" truecount="0" falsecount="4"/>
        <line num="13" count="0" type="cond" truecount="0" falsecount="4"/>
        <line num="15" count="0" type="stmt"/>
        <line num="17" count="0" type="stmt"/>
        <line num="19" count="0" type="cond" truecount="0" falsecount="4"/>
        <line num="21" count="0" type="stmt"/>
      </file>
      <file name="users.module.ts" path="/Users/bojanpavlovic/Desktop/Dev/angular-nest-prisma-sdet-tm-app-poc/backend/src/users/users.module.ts">
        <metrics statements="4" coveredstatements="0" conditionals="0" coveredconditionals="0" methods="0" coveredmethods="0"/>
        <line num="1" count="0" type="stmt"/>
        <line num="2" count="0" type="stmt"/>
        <line num="3" count="0" type="stmt"/>
        <line num="6" count="0" type="stmt"/>
      </file>
      <file name="users.service.ts" path="/Users/bojanpavlovic/Desktop/Dev/angular-nest-prisma-sdet-tm-app-poc/backend/src/users/users.service.ts">
        <metrics statements="21" coveredstatements="21" conditionals="12" coveredconditionals="10" methods="6" coveredmethods="6"/>
        <line num="1" count="1" type="stmt"/>
        <line num="2" count="1" type="stmt"/>
        <line num="7" count="1" type="stmt"/>
        <line num="8" count="7" type="cond" truecount="3" falsecount="1"/>
        <line num="11" count="2" type="stmt"/>
        <line num="12" count="2" type="cond" truecount="2" falsecount="0"/>
        <line num="13" count="1" type="stmt"/>
        <line num="16" count="1" type="stmt"/>
        <line num="17" count="1" type="stmt"/>
        <line num="21" count="1" type="stmt"/>
        <line num="25" count="3" type="stmt"/>
        <line num="26" count="3" type="cond" truecount="2" falsecount="0"/>
        <line num="27" count="2" type="stmt"/>
        <line num="28" count="2" type="stmt"/>
        <line num="32" count="1" type="stmt"/>
        <line num="33" count="1" type="stmt"/>
        <line num="34" count="1" type="stmt"/>
        <line num="35" count="1" type="stmt"/>
        <line num="39" count="1" type="stmt"/>
        <line num="40" count="1" type="stmt"/>
        <line num="41" count="1" type="stmt"/>
      </file>
    </package>
    <package name="src.users.dto">
      <metrics statements="10" coveredstatements="0" conditionals="0" coveredconditionals="0" methods="0" coveredmethods="0"/>
      <file name="create-user.dto.ts" path="/Users/bojanpavlovic/Desktop/Dev/angular-nest-prisma-sdet-tm-app-poc/backend/src/users/dto/create-user.dto.ts">
        <metrics statements="7" coveredstatements="0" conditionals="0" coveredconditionals="0" methods="0" coveredmethods="0"/>
        <line num="1" count="0" type="stmt"/>
        <line num="2" count="0" type="stmt"/>
        <line num="4" count="0" type="stmt"/>
        <line num="8" count="0" type="stmt"/>
        <line num="13" count="0" type="stmt"/>
        <line num="19" count="0" type="stmt"/>
        <line num="24" count="0" type="stmt"/>
      </file>
      <file name="update-user.dto.ts" path="/Users/bojanpavlovic/Desktop/Dev/angular-nest-prisma-sdet-tm-app-poc/backend/src/users/dto/update-user.dto.ts">
        <metrics statements="3" coveredstatements="0" conditionals="0" coveredconditionals="0" methods="0" coveredmethods="0"/>
        <line num="1" count="0" type="stmt"/>
        <line num="2" count="0" type="stmt"/>
        <line num="4" count="0" type="stmt"/>
      </file>
    </package>
  </project>
</coverage>
