{"/Users/bojanpavlovic/Desktop/Dev/angular-nest-prisma-sdet-tm-app-poc/backend/src/app.controller.ts": {"path":"/Users/bojanpavlovic/Desktop/Dev/angular-nest-prisma-sdet-tm-app-poc/backend/src/app.controller.ts","statementMap":{"0":{"start":{"line":1,"column":0},"end":{"line":1,"column":49}},"1":{"start":{"line":2,"column":0},"end":{"line":2,"column":43}},"2":{"start":{"line":5,"column":7},"end":{"line":12,"column":null}},"3":{"start":{"line":6,"column":31},"end":{"line":6,"column":43}},"4":{"start":{"line":10,"column":4},"end":{"line":10,"column":38}},"5":{"start":{"line":5,"column":13},"end":{"line":5,"column":26}},"6":{"start":{"line":9,"column":2},"end":{"line":11,"column":null}},"7":{"start":{"line":5,"column":13},"end":{"line":12,"column":null}}},"fnMap":{"0":{"name":"(anonymous_2)","decl":{"start":{"line":6,"column":2},"end":{"line":6,"column":31}},"loc":{"start":{"line":6,"column":53},"end":{"line":6,"column":57}}},"1":{"name":"(anonymous_3)","decl":{"start":{"line":9,"column":2},"end":{"line":9,"column":10}},"loc":{"start":{"line":9,"column":10},"end":{"line":11,"column":3}}}},"branchMap":{"0":{"loc":{"start":{"line":6,"column":43},"end":{"line":6,"column":56}},"type":"cond-expr","locations":[{"start":{"line":6,"column":53},"end":{"line":6,"column":56}},{"start":{"line":6,"column":53},"end":{"line":6,"column":56}}]},"1":{"loc":{"start":{"line":6,"column":43},"end":{"line":6,"column":53}},"type":"binary-expr","locations":[{"start":{"line":6,"column":43},"end":{"line":6,"column":56}},{"start":{"line":6,"column":43},"end":{"line":6,"column":53}}]}},"s":{"0":1,"1":1,"2":1,"3":1,"4":1,"5":1,"6":1,"7":1},"f":{"0":1,"1":1},"b":{"0":[1,0],"1":[1,1]}}
,"/Users/bojanpavlovic/Desktop/Dev/angular-nest-prisma-sdet-tm-app-poc/backend/src/app.module.ts": {"path":"/Users/bojanpavlovic/Desktop/Dev/angular-nest-prisma-sdet-tm-app-poc/backend/src/app.module.ts","statementMap":{"0":{"start":{"line":1,"column":0},"end":{"line":1,"column":40}},"1":{"start":{"line":2,"column":0},"end":{"line":2,"column":42}},"2":{"start":{"line":3,"column":0},"end":{"line":3,"column":49}},"3":{"start":{"line":4,"column":0},"end":{"line":4,"column":43}},"4":{"start":{"line":5,"column":0},"end":{"line":5,"column":54}},"5":{"start":{"line":6,"column":0},"end":{"line":6,"column":48}},"6":{"start":{"line":7,"column":0},"end":{"line":7,"column":51}},"7":{"start":{"line":8,"column":0},"end":{"line":8,"column":60}},"8":{"start":{"line":9,"column":0},"end":{"line":9,"column":51}},"9":{"start":{"line":10,"column":0},"end":{"line":10,"column":69}},"10":{"start":{"line":20,"column":7},"end":{"line":20,"column":null}},"11":{"start":{"line":20,"column":13},"end":{"line":20,"column":22}},"12":{"start":{"line":20,"column":13},"end":{"line":20,"column":null}}},"fnMap":{},"branchMap":{},"s":{"0":0,"1":0,"2":0,"3":0,"4":0,"5":0,"6":0,"7":0,"8":0,"9":0,"10":0,"11":0,"12":0},"f":{},"b":{}}
,"/Users/bojanpavlovic/Desktop/Dev/angular-nest-prisma-sdet-tm-app-poc/backend/src/app.service.ts": {"path":"/Users/bojanpavlovic/Desktop/Dev/angular-nest-prisma-sdet-tm-app-poc/backend/src/app.service.ts","statementMap":{"0":{"start":{"line":1,"column":0},"end":{"line":1,"column":44}},"1":{"start":{"line":4,"column":7},"end":{"line":8,"column":null}},"2":{"start":{"line":6,"column":4},"end":{"line":6,"column":26}},"3":{"start":{"line":4,"column":13},"end":{"line":4,"column":23}},"4":{"start":{"line":4,"column":13},"end":{"line":8,"column":null}}},"fnMap":{"0":{"name":"(anonymous_1)","decl":{"start":{"line":5,"column":2},"end":{"line":5,"column":10}},"loc":{"start":{"line":5,"column":10},"end":{"line":7,"column":3}}}},"branchMap":{},"s":{"0":1,"1":1,"2":1,"3":1,"4":1},"f":{"0":1},"b":{}}
,"/Users/bojanpavlovic/Desktop/Dev/angular-nest-prisma-sdet-tm-app-poc/backend/src/main.ts": {"path":"/Users/bojanpavlovic/Desktop/Dev/angular-nest-prisma-sdet-tm-app-poc/backend/src/main.ts","statementMap":{"0":{"start":{"line":1,"column":0},"end":{"line":1,"column":43}},"1":{"start":{"line":2,"column":0},"end":{"line":2,"column":48}},"2":{"start":{"line":3,"column":0},"end":{"line":3,"column":65}},"3":{"start":{"line":4,"column":0},"end":{"line":4,"column":41}},"4":{"start":{"line":7,"column":14},"end":{"line":7,"column":49}},"5":{"start":{"line":8,"column":2},"end":{"line":8,"column":107}},"6":{"start":{"line":9,"column":2},"end":{"line":9,"column":75}},"7":{"start":{"line":11,"column":17},"end":{"line":19,"column":12}},"8":{"start":{"line":20,"column":19},"end":{"line":20,"column":60}},"9":{"start":{"line":21,"column":2},"end":{"line":21,"column":44}},"10":{"start":{"line":23,"column":2},"end":{"line":23,"column":45}},"11":{"start":{"line":25,"column":0},"end":{"line":25,"column":12}}},"fnMap":{"0":{"name":"bootstrap","decl":{"start":{"line":6,"column":15},"end":{"line":6,"column":24}},"loc":{"start":{"line":6,"column":24},"end":{"line":24,"column":1}}}},"branchMap":{"0":{"loc":{"start":{"line":23,"column":19},"end":{"line":23,"column":43}},"type":"binary-expr","locations":[{"start":{"line":23,"column":19},"end":{"line":23,"column":35}},{"start":{"line":23,"column":39},"end":{"line":23,"column":43}}]}},"s":{"0":0,"1":0,"2":0,"3":0,"4":0,"5":0,"6":0,"7":0,"8":0,"9":0,"10":0,"11":0},"f":{"0":0},"b":{"0":[0,0]}}
,"/Users/bojanpavlovic/Desktop/Dev/angular-nest-prisma-sdet-tm-app-poc/backend/src/auth/auth.controller.ts": {"path":"/Users/bojanpavlovic/Desktop/Dev/angular-nest-prisma-sdet-tm-app-poc/backend/src/auth/auth.controller.ts","statementMap":{"0":{"start":{"line":1,"column":0},"end":{"line":1,"column":56}},"1":{"start":{"line":2,"column":0},"end":{"line":2,"column":42}},"2":{"start":{"line":3,"column":0},"end":{"line":3,"column":45}},"3":{"start":{"line":4,"column":0},"end":{"line":4,"column":43}},"4":{"start":{"line":8,"column":7},"end":{"line":15,"column":null}},"5":{"start":{"line":9,"column":31},"end":{"line":9,"column":44}},"6":{"start":{"line":13,"column":4},"end":{"line":13,"column":39}},"7":{"start":{"line":8,"column":13},"end":{"line":8,"column":27}},"8":{"start":{"line":12,"column":2},"end":{"line":14,"column":null}},"9":{"start":{"line":8,"column":13},"end":{"line":15,"column":null}}},"fnMap":{"0":{"name":"(anonymous_4)","decl":{"start":{"line":9,"column":2},"end":{"line":9,"column":31}},"loc":{"start":{"line":9,"column":55},"end":{"line":9,"column":59}}},"1":{"name":"(anonymous_5)","decl":{"start":{"line":12,"column":2},"end":{"line":12,"column":7}},"loc":{"start":{"line":12,"column":29},"end":{"line":14,"column":3}}}},"branchMap":{"0":{"loc":{"start":{"line":12,"column":21},"end":{"line":12,"column":null}},"type":"cond-expr","locations":[{"start":{"line":12,"column":29},"end":{"line":12,"column":null}},{"start":{"line":12,"column":29},"end":{"line":12,"column":null}}]},"1":{"loc":{"start":{"line":12,"column":21},"end":{"line":12,"column":29}},"type":"binary-expr","locations":[{"start":{"line":12,"column":21},"end":{"line":12,"column":null}},{"start":{"line":12,"column":21},"end":{"line":12,"column":29}}]},"2":{"loc":{"start":{"line":9,"column":44},"end":{"line":9,"column":58}},"type":"cond-expr","locations":[{"start":{"line":9,"column":55},"end":{"line":9,"column":58}},{"start":{"line":9,"column":55},"end":{"line":9,"column":58}}]},"3":{"loc":{"start":{"line":9,"column":44},"end":{"line":9,"column":55}},"type":"binary-expr","locations":[{"start":{"line":9,"column":44},"end":{"line":9,"column":58}},{"start":{"line":9,"column":44},"end":{"line":9,"column":55}}]}},"s":{"0":0,"1":0,"2":0,"3":0,"4":0,"5":0,"6":0,"7":0,"8":0,"9":0},"f":{"0":0,"1":0},"b":{"0":[0,0],"1":[0,0],"2":[0,0],"3":[0,0]}}
,"/Users/bojanpavlovic/Desktop/Dev/angular-nest-prisma-sdet-tm-app-poc/backend/src/auth/auth.module.ts": {"path":"/Users/bojanpavlovic/Desktop/Dev/angular-nest-prisma-sdet-tm-app-poc/backend/src/auth/auth.module.ts","statementMap":{"0":{"start":{"line":1,"column":0},"end":{"line":1,"column":40}},"1":{"start":{"line":2,"column":0},"end":{"line":2,"column":51}},"2":{"start":{"line":3,"column":0},"end":{"line":3,"column":45}},"3":{"start":{"line":6,"column":7},"end":{"line":6,"column":null}},"4":{"start":{"line":6,"column":13},"end":{"line":6,"column":23}},"5":{"start":{"line":6,"column":13},"end":{"line":6,"column":null}}},"fnMap":{},"branchMap":{},"s":{"0":0,"1":0,"2":0,"3":0,"4":0,"5":0},"f":{},"b":{}}
,"/Users/bojanpavlovic/Desktop/Dev/angular-nest-prisma-sdet-tm-app-poc/backend/src/auth/auth.service.ts": {"path":"/Users/bojanpavlovic/Desktop/Dev/angular-nest-prisma-sdet-tm-app-poc/backend/src/auth/auth.service.ts","statementMap":{"0":{"start":{"line":1,"column":0},"end":{"line":1,"column":67}},"1":{"start":{"line":2,"column":0},"end":{"line":2,"column":57}},"2":{"start":{"line":5,"column":25},"end":{"line":7,"column":2}},"3":{"start":{"line":10,"column":7},"end":{"line":25,"column":null}},"4":{"start":{"line":11,"column":31},"end":{"line":11,"column":39}},"5":{"start":{"line":14,"column":17},"end":{"line":14,"column":99}},"6":{"start":{"line":14,"column":46},"end":{"line":14,"column":98}},"7":{"start":{"line":15,"column":4},"end":{"line":15,"column":76}},"8":{"start":{"line":15,"column":15},"end":{"line":15,"column":76}},"9":{"start":{"line":16,"column":17},"end":{"line":16,"column":84}},"10":{"start":{"line":17,"column":4},"end":{"line":21,"column":5}},"11":{"start":{"line":18,"column":6},"end":{"line":20,"column":9}},"12":{"start":{"line":22,"column":36},"end":{"line":22,"column":42}},"13":{"start":{"line":23,"column":4},"end":{"line":23,"column":18}},"14":{"start":{"line":10,"column":13},"end":{"line":10,"column":24}},"15":{"start":{"line":10,"column":13},"end":{"line":25,"column":null}}},"fnMap":{"0":{"name":"(anonymous_2)","decl":{"start":{"line":11,"column":2},"end":{"line":11,"column":31}},"loc":{"start":{"line":11,"column":52},"end":{"line":11,"column":56}}},"1":{"name":"(anonymous_3)","decl":{"start":{"line":13,"column":2},"end":{"line":13,"column":7}},"loc":{"start":{"line":13,"column":27},"end":{"line":24,"column":3}}},"2":{"name":"(anonymous_4)","decl":{"start":{"line":14,"column":39},"end":{"line":14,"column":40}},"loc":{"start":{"line":14,"column":46},"end":{"line":14,"column":98}}}},"branchMap":{"0":{"loc":{"start":{"line":14,"column":46},"end":{"line":14,"column":98}},"type":"binary-expr","locations":[{"start":{"line":14,"column":46},"end":{"line":14,"column":67}},{"start":{"line":14,"column":71},"end":{"line":14,"column":98}}]},"1":{"loc":{"start":{"line":15,"column":4},"end":{"line":15,"column":76}},"type":"if","locations":[{"start":{"line":15,"column":4},"end":{"line":15,"column":76}},{"start":{},"end":{}}]},"2":{"loc":{"start":{"line":17,"column":4},"end":{"line":21,"column":5}},"type":"if","locations":[{"start":{"line":17,"column":4},"end":{"line":21,"column":5}},{"start":{},"end":{}}]},"3":{"loc":{"start":{"line":11,"column":39},"end":{"line":11,"column":55}},"type":"cond-expr","locations":[{"start":{"line":11,"column":52},"end":{"line":11,"column":55}},{"start":{"line":11,"column":52},"end":{"line":11,"column":55}}]},"4":{"loc":{"start":{"line":11,"column":39},"end":{"line":11,"column":52}},"type":"binary-expr","locations":[{"start":{"line":11,"column":39},"end":{"line":11,"column":55}},{"start":{"line":11,"column":39},"end":{"line":11,"column":52}}]}},"s":{"0":1,"1":1,"2":1,"3":1,"4":3,"5":2,"6":2,"7":2,"8":1,"9":1,"10":1,"11":1,"12":1,"13":1,"14":1,"15":1},"f":{"0":3,"1":2,"2":2},"b":{"0":[2,1],"1":[1,1],"2":[1,0],"3":[1,0],"4":[1,1]}}
,"/Users/bojanpavlovic/Desktop/Dev/angular-nest-prisma-sdet-tm-app-poc/backend/src/auth/dto/login.dto.ts": {"path":"/Users/bojanpavlovic/Desktop/Dev/angular-nest-prisma-sdet-tm-app-poc/backend/src/auth/dto/login.dto.ts","statementMap":{"0":{"start":{"line":1,"column":0},"end":{"line":1,"column":46}},"1":{"start":{"line":2,"column":0},"end":{"line":2,"column":75}},"2":{"start":{"line":4,"column":0},"end":{"line":4,"column":13}},"3":{"start":{"line":8,"column":2},"end":{"line":8,"column":null}},"4":{"start":{"line":14,"column":2},"end":{"line":14,"column":null}}},"fnMap":{},"branchMap":{},"s":{"0":0,"1":0,"2":0,"3":0,"4":0},"f":{},"b":{}}
,"/Users/bojanpavlovic/Desktop/Dev/angular-nest-prisma-sdet-tm-app-poc/backend/src/common/http-exception.filter.ts": {"path":"/Users/bojanpavlovic/Desktop/Dev/angular-nest-prisma-sdet-tm-app-poc/backend/src/common/http-exception.filter.ts","statementMap":{"0":{"start":{"line":1,"column":0},"end":{"line":1,"column":null}},"1":{"start":{"line":12,"column":32},"end":{"line":25,"column":null}},"2":{"start":{"line":13,"column":28},"end":{"line":13,"column":64}},"3":{"start":{"line":16,"column":16},"end":{"line":16,"column":35}},"4":{"start":{"line":17,"column":21},"end":{"line":17,"column":38}},"5":{"start":{"line":18,"column":20},"end":{"line":18,"column":36}},"6":{"start":{"line":19,"column":19},"end":{"line":19,"column":112}},"7":{"start":{"line":20,"column":20},"end":{"line":20,"column":155}},"8":{"start":{"line":21,"column":17},"end":{"line":21,"column":123}},"9":{"start":{"line":22,"column":4},"end":{"line":22,"column":133}},"10":{"start":{"line":23,"column":4},"end":{"line":23,"column":39}},"11":{"start":{"line":12,"column":13},"end":{"line":12,"column":32}},"12":{"start":{"line":12,"column":13},"end":{"line":25,"column":null}}},"fnMap":{"0":{"name":"(anonymous_1)","decl":{"start":{"line":15,"column":2},"end":{"line":15,"column":7}},"loc":{"start":{"line":15,"column":23},"end":{"line":24,"column":3}}}},"branchMap":{"0":{"loc":{"start":{"line":19,"column":19},"end":{"line":19,"column":112}},"type":"cond-expr","locations":[{"start":{"line":19,"column":56},"end":{"line":19,"column":77}},{"start":{"line":19,"column":80},"end":{"line":19,"column":112}}]},"1":{"loc":{"start":{"line":20,"column":20},"end":{"line":20,"column":155}},"type":"cond-expr","locations":[{"start":{"line":20,"column":57},"end":{"line":20,"column":80}},{"start":{"line":20,"column":83},"end":{"line":20,"column":155}}]},"2":{"loc":{"start":{"line":20,"column":83},"end":{"line":20,"column":155}},"type":"cond-expr","locations":[{"start":{"line":20,"column":112},"end":{"line":20,"column":129}},{"start":{"line":20,"column":132},"end":{"line":20,"column":155}}]},"3":{"loc":{"start":{"line":21,"column":17},"end":{"line":21,"column":123}},"type":"cond-expr","locations":[{"start":{"line":21,"column":82},"end":{"line":21,"column":89}},{"start":{"line":21,"column":92},"end":{"line":21,"column":123}}]},"4":{"loc":{"start":{"line":21,"column":17},"end":{"line":21,"column":79}},"type":"binary-expr","locations":[{"start":{"line":21,"column":17},"end":{"line":21,"column":44}},{"start":{"line":21,"column":48},"end":{"line":21,"column":55}},{"start":{"line":21,"column":59},"end":{"line":21,"column":79}}]},"5":{"loc":{"start":{"line":22,"column":75},"end":{"line":22,"column":131}},"type":"cond-expr","locations":[{"start":{"line":22,"column":104},"end":{"line":22,"column":119}},{"start":{"line":22,"column":122},"end":{"line":22,"column":131}}]}},"s":{"0":0,"1":0,"2":0,"3":0,"4":0,"5":0,"6":0,"7":0,"8":0,"9":0,"10":0,"11":0,"12":0},"f":{"0":0},"b":{"0":[0,0],"1":[0,0],"2":[0,0],"3":[0,0],"4":[0,0,0],"5":[0,0]}}
,"/Users/bojanpavlovic/Desktop/Dev/angular-nest-prisma-sdet-tm-app-poc/backend/src/prisma/prisma.module.ts": {"path":"/Users/bojanpavlovic/Desktop/Dev/angular-nest-prisma-sdet-tm-app-poc/backend/src/prisma/prisma.module.ts","statementMap":{"0":{"start":{"line":1,"column":0},"end":{"line":1,"column":48}},"1":{"start":{"line":2,"column":0},"end":{"line":2,"column":49}},"2":{"start":{"line":6,"column":7},"end":{"line":6,"column":null}},"3":{"start":{"line":6,"column":13},"end":{"line":6,"column":25}},"4":{"start":{"line":6,"column":13},"end":{"line":6,"column":null}}},"fnMap":{},"branchMap":{},"s":{"0":0,"1":0,"2":0,"3":0,"4":0},"f":{},"b":{}}
,"/Users/bojanpavlovic/Desktop/Dev/angular-nest-prisma-sdet-tm-app-poc/backend/src/prisma/prisma.service.ts": {"path":"/Users/bojanpavlovic/Desktop/Dev/angular-nest-prisma-sdet-tm-app-poc/backend/src/prisma/prisma.service.ts","statementMap":{"0":{"start":{"line":1,"column":0},"end":{"line":1,"column":75}},"1":{"start":{"line":2,"column":0},"end":{"line":2,"column":46}},"2":{"start":{"line":5,"column":7},"end":{"line":12,"column":null}},"3":{"start":{"line":7,"column":4},"end":{"line":7,"column":26}},"4":{"start":{"line":10,"column":4},"end":{"line":10,"column":29}},"5":{"start":{"line":5,"column":13},"end":{"line":5,"column":26}},"6":{"start":{"line":5,"column":13},"end":{"line":12,"column":null}}},"fnMap":{"0":{"name":"(anonymous_1)","decl":{"start":{"line":6,"column":2},"end":{"line":6,"column":7}},"loc":{"start":{"line":6,"column":20},"end":{"line":8,"column":3}}},"1":{"name":"(anonymous_2)","decl":{"start":{"line":9,"column":2},"end":{"line":9,"column":7}},"loc":{"start":{"line":9,"column":23},"end":{"line":11,"column":3}}}},"branchMap":{},"s":{"0":4,"1":4,"2":4,"3":0,"4":0,"5":4,"6":4},"f":{"0":0,"1":0},"b":{}}
,"/Users/bojanpavlovic/Desktop/Dev/angular-nest-prisma-sdet-tm-app-poc/backend/src/projects/projects.controller.ts": {"path":"/Users/bojanpavlovic/Desktop/Dev/angular-nest-prisma-sdet-tm-app-poc/backend/src/projects/projects.controller.ts","statementMap":{"0":{"start":{"line":1,"column":0},"end":{"line":1,"column":81}},"1":{"start":{"line":2,"column":0},"end":{"line":2,"column":42}},"2":{"start":{"line":3,"column":0},"end":{"line":3,"column":53}},"3":{"start":{"line":4,"column":0},"end":{"line":4,"column":60}},"4":{"start":{"line":5,"column":0},"end":{"line":5,"column":60}},"5":{"start":{"line":9,"column":7},"end":{"line":22,"column":null}},"6":{"start":{"line":10,"column":31},"end":{"line":10,"column":48}},"7":{"start":{"line":13,"column":42},"end":{"line":13,"column":82}},"8":{"start":{"line":15,"column":14},"end":{"line":15,"column":52}},"9":{"start":{"line":17,"column":37},"end":{"line":17,"column":77}},"10":{"start":{"line":19,"column":67},"end":{"line":19,"column":111}},"11":{"start":{"line":21,"column":36},"end":{"line":21,"column":75}},"12":{"start":{"line":9,"column":13},"end":{"line":9,"column":31}},"13":{"start":{"line":13,"column":2},"end":{"line":13,"column":null}},"14":{"start":{"line":15,"column":2},"end":{"line":15,"column":null}},"15":{"start":{"line":17,"column":2},"end":{"line":17,"column":null}},"16":{"start":{"line":19,"column":2},"end":{"line":19,"column":null}},"17":{"start":{"line":21,"column":2},"end":{"line":21,"column":null}},"18":{"start":{"line":9,"column":13},"end":{"line":22,"column":null}}},"fnMap":{"0":{"name":"(anonymous_4)","decl":{"start":{"line":10,"column":2},"end":{"line":10,"column":31}},"loc":{"start":{"line":10,"column":63},"end":{"line":10,"column":67}}},"1":{"name":"(anonymous_5)","decl":{"start":{"line":13,"column":2},"end":{"line":13,"column":8}},"loc":{"start":{"line":13,"column":38},"end":{"line":13,"column":84}}},"2":{"name":"(anonymous_6)","decl":{"start":{"line":15,"column":2},"end":{"line":15,"column":9}},"loc":{"start":{"line":15,"column":9},"end":{"line":15,"column":54}}},"3":{"name":"(anonymous_7)","decl":{"start":{"line":17,"column":2},"end":{"line":17,"column":9}},"loc":{"start":{"line":17,"column":33},"end":{"line":17,"column":79}}},"4":{"name":"(anonymous_8)","decl":{"start":{"line":19,"column":2},"end":{"line":19,"column":8}},"loc":{"start":{"line":19,"column":63},"end":{"line":19,"column":113}}},"5":{"name":"(anonymous_9)","decl":{"start":{"line":21,"column":2},"end":{"line":21,"column":8}},"loc":{"start":{"line":21,"column":32},"end":{"line":21,"column":77}}}},"branchMap":{"0":{"loc":{"start":{"line":13,"column":22},"end":{"line":13,"column":42}},"type":"cond-expr","locations":[{"start":{"line":13,"column":38},"end":{"line":13,"column":42}},{"start":{"line":13,"column":38},"end":{"line":13,"column":42}}]},"1":{"loc":{"start":{"line":13,"column":22},"end":{"line":13,"column":38}},"type":"binary-expr","locations":[{"start":{"line":13,"column":22},"end":{"line":13,"column":42}},{"start":{"line":13,"column":22},"end":{"line":13,"column":38}}]},"2":{"loc":{"start":{"line":19,"column":47},"end":{"line":19,"column":67}},"type":"cond-expr","locations":[{"start":{"line":19,"column":63},"end":{"line":19,"column":67}},{"start":{"line":19,"column":63},"end":{"line":19,"column":67}}]},"3":{"loc":{"start":{"line":19,"column":47},"end":{"line":19,"column":63}},"type":"binary-expr","locations":[{"start":{"line":19,"column":47},"end":{"line":19,"column":67}},{"start":{"line":19,"column":47},"end":{"line":19,"column":63}}]},"4":{"loc":{"start":{"line":10,"column":48},"end":{"line":10,"column":66}},"type":"cond-expr","locations":[{"start":{"line":10,"column":63},"end":{"line":10,"column":66}},{"start":{"line":10,"column":63},"end":{"line":10,"column":66}}]},"5":{"loc":{"start":{"line":10,"column":48},"end":{"line":10,"column":63}},"type":"binary-expr","locations":[{"start":{"line":10,"column":48},"end":{"line":10,"column":66}},{"start":{"line":10,"column":48},"end":{"line":10,"column":63}}]}},"s":{"0":0,"1":0,"2":0,"3":0,"4":0,"5":0,"6":0,"7":0,"8":0,"9":0,"10":0,"11":0,"12":0,"13":0,"14":0,"15":0,"16":0,"17":0,"18":0},"f":{"0":0,"1":0,"2":0,"3":0,"4":0,"5":0},"b":{"0":[0,0],"1":[0,0],"2":[0,0],"3":[0,0],"4":[0,0],"5":[0,0]}}
,"/Users/bojanpavlovic/Desktop/Dev/angular-nest-prisma-sdet-tm-app-poc/backend/src/projects/projects.module.ts": {"path":"/Users/bojanpavlovic/Desktop/Dev/angular-nest-prisma-sdet-tm-app-poc/backend/src/projects/projects.module.ts","statementMap":{"0":{"start":{"line":1,"column":0},"end":{"line":1,"column":40}},"1":{"start":{"line":2,"column":0},"end":{"line":2,"column":59}},"2":{"start":{"line":3,"column":0},"end":{"line":3,"column":53}},"3":{"start":{"line":6,"column":7},"end":{"line":6,"column":null}},"4":{"start":{"line":6,"column":13},"end":{"line":6,"column":27}},"5":{"start":{"line":6,"column":13},"end":{"line":6,"column":null}}},"fnMap":{},"branchMap":{},"s":{"0":0,"1":0,"2":0,"3":0,"4":0,"5":0},"f":{},"b":{}}
,"/Users/bojanpavlovic/Desktop/Dev/angular-nest-prisma-sdet-tm-app-poc/backend/src/projects/projects.service.ts": {"path":"/Users/bojanpavlovic/Desktop/Dev/angular-nest-prisma-sdet-tm-app-poc/backend/src/projects/projects.service.ts","statementMap":{"0":{"start":{"line":1,"column":0},"end":{"line":1,"column":63}},"1":{"start":{"line":2,"column":0},"end":{"line":2,"column":57}},"2":{"start":{"line":7,"column":7},"end":{"line":33,"column":null}},"3":{"start":{"line":8,"column":31},"end":{"line":8,"column":39}},"4":{"start":{"line":11,"column":4},"end":{"line":11,"column":53}},"5":{"start":{"line":15,"column":4},"end":{"line":15,"column":76}},"6":{"start":{"line":19,"column":20},"end":{"line":19,"column":75}},"7":{"start":{"line":20,"column":4},"end":{"line":20,"column":67}},"8":{"start":{"line":20,"column":18},"end":{"line":20,"column":67}},"9":{"start":{"line":21,"column":4},"end":{"line":21,"column":19}},"10":{"start":{"line":25,"column":4},"end":{"line":25,"column":68}},"11":{"start":{"line":29,"column":4},"end":{"line":29,"column":67}},"12":{"start":{"line":30,"column":4},"end":{"line":30,"column":56}},"13":{"start":{"line":31,"column":4},"end":{"line":31,"column":42}},"14":{"start":{"line":7,"column":13},"end":{"line":7,"column":28}},"15":{"start":{"line":7,"column":13},"end":{"line":33,"column":null}}},"fnMap":{"0":{"name":"(anonymous_2)","decl":{"start":{"line":8,"column":2},"end":{"line":8,"column":31}},"loc":{"start":{"line":8,"column":52},"end":{"line":8,"column":56}}},"1":{"name":"(anonymous_3)","decl":{"start":{"line":10,"column":2},"end":{"line":10,"column":8}},"loc":{"start":{"line":10,"column":30},"end":{"line":12,"column":3}}},"2":{"name":"(anonymous_4)","decl":{"start":{"line":14,"column":2},"end":{"line":14,"column":9}},"loc":{"start":{"line":14,"column":9},"end":{"line":16,"column":3}}},"3":{"name":"(anonymous_5)","decl":{"start":{"line":18,"column":2},"end":{"line":18,"column":7}},"loc":{"start":{"line":18,"column":26},"end":{"line":22,"column":3}}},"4":{"name":"(anonymous_6)","decl":{"start":{"line":24,"column":2},"end":{"line":24,"column":8}},"loc":{"start":{"line":24,"column":42},"end":{"line":26,"column":3}}},"5":{"name":"(anonymous_7)","decl":{"start":{"line":28,"column":2},"end":{"line":28,"column":7}},"loc":{"start":{"line":28,"column":25},"end":{"line":32,"column":3}}}},"branchMap":{"0":{"loc":{"start":{"line":20,"column":4},"end":{"line":20,"column":67}},"type":"if","locations":[{"start":{"line":20,"column":4},"end":{"line":20,"column":67}},{"start":{},"end":{}}]},"1":{"loc":{"start":{"line":8,"column":39},"end":{"line":8,"column":55}},"type":"cond-expr","locations":[{"start":{"line":8,"column":52},"end":{"line":8,"column":55}},{"start":{"line":8,"column":52},"end":{"line":8,"column":55}}]},"2":{"loc":{"start":{"line":8,"column":39},"end":{"line":8,"column":52}},"type":"binary-expr","locations":[{"start":{"line":8,"column":39},"end":{"line":8,"column":55}},{"start":{"line":8,"column":39},"end":{"line":8,"column":52}}]}},"s":{"0":1,"1":1,"2":1,"3":6,"4":1,"5":1,"6":1,"7":1,"8":1,"9":0,"10":1,"11":1,"12":1,"13":1,"14":1,"15":1},"f":{"0":6,"1":1,"2":1,"3":1,"4":1,"5":1},"b":{"0":[1,0],"1":[1,0],"2":[1,1]}}
,"/Users/bojanpavlovic/Desktop/Dev/angular-nest-prisma-sdet-tm-app-poc/backend/src/projects/dto/create-project.dto.ts": {"path":"/Users/bojanpavlovic/Desktop/Dev/angular-nest-prisma-sdet-tm-app-poc/backend/src/projects/dto/create-project.dto.ts","statementMap":{"0":{"start":{"line":1,"column":0},"end":{"line":1,"column":67}},"1":{"start":{"line":2,"column":0},"end":{"line":2,"column":67}},"2":{"start":{"line":4,"column":0},"end":{"line":4,"column":13}},"3":{"start":{"line":8,"column":2},"end":{"line":8,"column":null}},"4":{"start":{"line":13,"column":2},"end":{"line":13,"column":null}}},"fnMap":{},"branchMap":{},"s":{"0":0,"1":0,"2":0,"3":0,"4":0},"f":{},"b":{}}
,"/Users/bojanpavlovic/Desktop/Dev/angular-nest-prisma-sdet-tm-app-poc/backend/src/projects/dto/update-project.dto.ts": {"path":"/Users/bojanpavlovic/Desktop/Dev/angular-nest-prisma-sdet-tm-app-poc/backend/src/projects/dto/update-project.dto.ts","statementMap":{"0":{"start":{"line":1,"column":0},"end":{"line":1,"column":51}},"1":{"start":{"line":2,"column":0},"end":{"line":2,"column":56}},"2":{"start":{"line":4,"column":0},"end":{"line":4,"column":13}}},"fnMap":{},"branchMap":{},"s":{"0":0,"1":0,"2":0},"f":{},"b":{}}
,"/Users/bojanpavlovic/Desktop/Dev/angular-nest-prisma-sdet-tm-app-poc/backend/src/tasks/tasks.controller.ts": {"path":"/Users/bojanpavlovic/Desktop/Dev/angular-nest-prisma-sdet-tm-app-poc/backend/src/tasks/tasks.controller.ts","statementMap":{"0":{"start":{"line":1,"column":0},"end":{"line":1,"column":88}},"1":{"start":{"line":2,"column":0},"end":{"line":2,"column":42}},"2":{"start":{"line":3,"column":0},"end":{"line":3,"column":47}},"3":{"start":{"line":4,"column":0},"end":{"line":4,"column":54}},"4":{"start":{"line":5,"column":0},"end":{"line":5,"column":54}},"5":{"start":{"line":9,"column":7},"end":{"line":22,"column":null}},"6":{"start":{"line":10,"column":31},"end":{"line":10,"column":45}},"7":{"start":{"line":13,"column":39},"end":{"line":13,"column":76}},"8":{"start":{"line":15,"column":52},"end":{"line":15,"column":96}},"9":{"start":{"line":17,"column":37},"end":{"line":17,"column":74}},"10":{"start":{"line":19,"column":64},"end":{"line":19,"column":105}},"11":{"start":{"line":21,"column":36},"end":{"line":21,"column":72}},"12":{"start":{"line":9,"column":13},"end":{"line":9,"column":28}},"13":{"start":{"line":13,"column":2},"end":{"line":13,"column":null}},"14":{"start":{"line":15,"column":2},"end":{"line":15,"column":null}},"15":{"start":{"line":17,"column":2},"end":{"line":17,"column":null}},"16":{"start":{"line":19,"column":2},"end":{"line":19,"column":null}},"17":{"start":{"line":21,"column":2},"end":{"line":21,"column":null}},"18":{"start":{"line":9,"column":13},"end":{"line":22,"column":null}}},"fnMap":{"0":{"name":"(anonymous_4)","decl":{"start":{"line":10,"column":2},"end":{"line":10,"column":31}},"loc":{"start":{"line":10,"column":57},"end":{"line":10,"column":61}}},"1":{"name":"(anonymous_5)","decl":{"start":{"line":13,"column":2},"end":{"line":13,"column":8}},"loc":{"start":{"line":13,"column":35},"end":{"line":13,"column":78}}},"2":{"name":"(anonymous_6)","decl":{"start":{"line":15,"column":2},"end":{"line":15,"column":9}},"loc":{"start":{"line":15,"column":48},"end":{"line":15,"column":98}}},"3":{"name":"(anonymous_7)","decl":{"start":{"line":17,"column":2},"end":{"line":17,"column":9}},"loc":{"start":{"line":17,"column":33},"end":{"line":17,"column":76}}},"4":{"name":"(anonymous_8)","decl":{"start":{"line":19,"column":2},"end":{"line":19,"column":8}},"loc":{"start":{"line":19,"column":60},"end":{"line":19,"column":107}}},"5":{"name":"(anonymous_9)","decl":{"start":{"line":21,"column":2},"end":{"line":21,"column":8}},"loc":{"start":{"line":21,"column":32},"end":{"line":21,"column":74}}}},"branchMap":{"0":{"loc":{"start":{"line":13,"column":22},"end":{"line":13,"column":39}},"type":"cond-expr","locations":[{"start":{"line":13,"column":35},"end":{"line":13,"column":39}},{"start":{"line":13,"column":35},"end":{"line":13,"column":39}}]},"1":{"loc":{"start":{"line":13,"column":22},"end":{"line":13,"column":35}},"type":"binary-expr","locations":[{"start":{"line":13,"column":22},"end":{"line":13,"column":39}},{"start":{"line":13,"column":22},"end":{"line":13,"column":35}}]},"2":{"loc":{"start":{"line":19,"column":47},"end":{"line":19,"column":64}},"type":"cond-expr","locations":[{"start":{"line":19,"column":60},"end":{"line":19,"column":64}},{"start":{"line":19,"column":60},"end":{"line":19,"column":64}}]},"3":{"loc":{"start":{"line":19,"column":47},"end":{"line":19,"column":60}},"type":"binary-expr","locations":[{"start":{"line":19,"column":47},"end":{"line":19,"column":64}},{"start":{"line":19,"column":47},"end":{"line":19,"column":60}}]},"4":{"loc":{"start":{"line":10,"column":45},"end":{"line":10,"column":60}},"type":"cond-expr","locations":[{"start":{"line":10,"column":57},"end":{"line":10,"column":60}},{"start":{"line":10,"column":57},"end":{"line":10,"column":60}}]},"5":{"loc":{"start":{"line":10,"column":45},"end":{"line":10,"column":57}},"type":"binary-expr","locations":[{"start":{"line":10,"column":45},"end":{"line":10,"column":60}},{"start":{"line":10,"column":45},"end":{"line":10,"column":57}}]}},"s":{"0":0,"1":0,"2":0,"3":0,"4":0,"5":0,"6":0,"7":0,"8":0,"9":0,"10":0,"11":0,"12":0,"13":0,"14":0,"15":0,"16":0,"17":0,"18":0},"f":{"0":0,"1":0,"2":0,"3":0,"4":0,"5":0},"b":{"0":[0,0],"1":[0,0],"2":[0,0],"3":[0,0],"4":[0,0],"5":[0,0]}}
,"/Users/bojanpavlovic/Desktop/Dev/angular-nest-prisma-sdet-tm-app-poc/backend/src/tasks/tasks.module.ts": {"path":"/Users/bojanpavlovic/Desktop/Dev/angular-nest-prisma-sdet-tm-app-poc/backend/src/tasks/tasks.module.ts","statementMap":{"0":{"start":{"line":1,"column":0},"end":{"line":1,"column":40}},"1":{"start":{"line":2,"column":0},"end":{"line":2,"column":53}},"2":{"start":{"line":3,"column":0},"end":{"line":3,"column":47}},"3":{"start":{"line":6,"column":7},"end":{"line":6,"column":null}},"4":{"start":{"line":6,"column":13},"end":{"line":6,"column":24}},"5":{"start":{"line":6,"column":13},"end":{"line":6,"column":null}}},"fnMap":{},"branchMap":{},"s":{"0":0,"1":0,"2":0,"3":0,"4":0,"5":0},"f":{},"b":{}}
,"/Users/bojanpavlovic/Desktop/Dev/angular-nest-prisma-sdet-tm-app-poc/backend/src/tasks/tasks.service.ts": {"path":"/Users/bojanpavlovic/Desktop/Dev/angular-nest-prisma-sdet-tm-app-poc/backend/src/tasks/tasks.service.ts","statementMap":{"0":{"start":{"line":1,"column":0},"end":{"line":1,"column":63}},"1":{"start":{"line":2,"column":0},"end":{"line":2,"column":57}},"2":{"start":{"line":7,"column":7},"end":{"line":42,"column":null}},"3":{"start":{"line":8,"column":31},"end":{"line":8,"column":39}},"4":{"start":{"line":11,"column":4},"end":{"line":13,"column":7}},"5":{"start":{"line":17,"column":18},"end":{"line":17,"column":48}},"6":{"start":{"line":18,"column":4},"end":{"line":21,"column":7}},"7":{"start":{"line":25,"column":17},"end":{"line":25,"column":69}},"8":{"start":{"line":26,"column":4},"end":{"line":26,"column":61}},"9":{"start":{"line":26,"column":15},"end":{"line":26,"column":61}},"10":{"start":{"line":27,"column":4},"end":{"line":27,"column":16}},"11":{"start":{"line":31,"column":4},"end":{"line":34,"column":7}},"12":{"start":{"line":38,"column":4},"end":{"line":38,"column":64}},"13":{"start":{"line":39,"column":4},"end":{"line":39,"column":53}},"14":{"start":{"line":40,"column":4},"end":{"line":40,"column":39}},"15":{"start":{"line":7,"column":13},"end":{"line":7,"column":25}},"16":{"start":{"line":7,"column":13},"end":{"line":42,"column":null}}},"fnMap":{"0":{"name":"(anonymous_2)","decl":{"start":{"line":8,"column":2},"end":{"line":8,"column":31}},"loc":{"start":{"line":8,"column":52},"end":{"line":8,"column":56}}},"1":{"name":"(anonymous_3)","decl":{"start":{"line":10,"column":2},"end":{"line":10,"column":8}},"loc":{"start":{"line":10,"column":27},"end":{"line":14,"column":3}}},"2":{"name":"(anonymous_4)","decl":{"start":{"line":16,"column":2},"end":{"line":16,"column":9}},"loc":{"start":{"line":16,"column":28},"end":{"line":22,"column":3}}},"3":{"name":"(anonymous_5)","decl":{"start":{"line":24,"column":2},"end":{"line":24,"column":7}},"loc":{"start":{"line":24,"column":26},"end":{"line":28,"column":3}}},"4":{"name":"(anonymous_6)","decl":{"start":{"line":30,"column":2},"end":{"line":30,"column":8}},"loc":{"start":{"line":30,"column":39},"end":{"line":35,"column":3}}},"5":{"name":"(anonymous_7)","decl":{"start":{"line":37,"column":2},"end":{"line":37,"column":7}},"loc":{"start":{"line":37,"column":25},"end":{"line":41,"column":3}}}},"branchMap":{"0":{"loc":{"start":{"line":12,"column":30},"end":{"line":12,"column":50}},"type":"binary-expr","locations":[{"start":{"line":12,"column":30},"end":{"line":12,"column":40}},{"start":{"line":12,"column":44},"end":{"line":12,"column":50}}]},"1":{"loc":{"start":{"line":12,"column":62},"end":{"line":12,"column":86}},"type":"binary-expr","locations":[{"start":{"line":12,"column":62},"end":{"line":12,"column":74}},{"start":{"line":12,"column":78},"end":{"line":12,"column":86}}]},"2":{"loc":{"start":{"line":17,"column":18},"end":{"line":17,"column":48}},"type":"cond-expr","locations":[{"start":{"line":17,"column":30},"end":{"line":17,"column":43}},{"start":{"line":17,"column":46},"end":{"line":17,"column":48}}]},"3":{"loc":{"start":{"line":26,"column":4},"end":{"line":26,"column":61}},"type":"if","locations":[{"start":{"line":26,"column":4},"end":{"line":26,"column":61}},{"start":{},"end":{}}]},"4":{"loc":{"start":{"line":8,"column":39},"end":{"line":8,"column":55}},"type":"cond-expr","locations":[{"start":{"line":8,"column":52},"end":{"line":8,"column":55}},{"start":{"line":8,"column":52},"end":{"line":8,"column":55}}]},"5":{"loc":{"start":{"line":8,"column":39},"end":{"line":8,"column":52}},"type":"binary-expr","locations":[{"start":{"line":8,"column":39},"end":{"line":8,"column":55}},{"start":{"line":8,"column":39},"end":{"line":8,"column":52}}]}},"s":{"0":1,"1":1,"2":1,"3":7,"4":1,"5":2,"6":2,"7":1,"8":1,"9":1,"10":0,"11":1,"12":1,"13":1,"14":1,"15":1,"16":1},"f":{"0":7,"1":1,"2":2,"3":1,"4":1,"5":1},"b":{"0":[1,1],"1":[1,1],"2":[1,1],"3":[1,0],"4":[1,0],"5":[1,1]}}
,"/Users/bojanpavlovic/Desktop/Dev/angular-nest-prisma-sdet-tm-app-poc/backend/src/tasks/dto/create-task.dto.ts": {"path":"/Users/bojanpavlovic/Desktop/Dev/angular-nest-prisma-sdet-tm-app-poc/backend/src/tasks/dto/create-task.dto.ts","statementMap":{"0":{"start":{"line":1,"column":0},"end":{"line":1,"column":67}},"1":{"start":{"line":2,"column":0},"end":{"line":2,"column":73}},"2":{"start":{"line":4,"column":0},"end":{"line":4,"column":13}},"3":{"start":{"line":8,"column":2},"end":{"line":8,"column":null}},"4":{"start":{"line":13,"column":2},"end":{"line":13,"column":null}},"5":{"start":{"line":18,"column":2},"end":{"line":18,"column":null}},"6":{"start":{"line":23,"column":2},"end":{"line":23,"column":null}},"7":{"start":{"line":28,"column":2},"end":{"line":28,"column":null}},"8":{"start":{"line":33,"column":2},"end":{"line":33,"column":null}}},"fnMap":{},"branchMap":{},"s":{"0":0,"1":0,"2":0,"3":0,"4":0,"5":0,"6":0,"7":0,"8":0},"f":{},"b":{}}
,"/Users/bojanpavlovic/Desktop/Dev/angular-nest-prisma-sdet-tm-app-poc/backend/src/tasks/dto/update-task.dto.ts": {"path":"/Users/bojanpavlovic/Desktop/Dev/angular-nest-prisma-sdet-tm-app-poc/backend/src/tasks/dto/update-task.dto.ts","statementMap":{"0":{"start":{"line":1,"column":0},"end":{"line":1,"column":51}},"1":{"start":{"line":2,"column":0},"end":{"line":2,"column":50}},"2":{"start":{"line":4,"column":0},"end":{"line":4,"column":13}}},"fnMap":{},"branchMap":{},"s":{"0":0,"1":0,"2":0},"f":{},"b":{}}
,"/Users/bojanpavlovic/Desktop/Dev/angular-nest-prisma-sdet-tm-app-poc/backend/src/users/users.controller.ts": {"path":"/Users/bojanpavlovic/Desktop/Dev/angular-nest-prisma-sdet-tm-app-poc/backend/src/users/users.controller.ts","statementMap":{"0":{"start":{"line":1,"column":0},"end":{"line":1,"column":81}},"1":{"start":{"line":2,"column":0},"end":{"line":2,"column":42}},"2":{"start":{"line":3,"column":0},"end":{"line":3,"column":47}},"3":{"start":{"line":4,"column":0},"end":{"line":4,"column":54}},"4":{"start":{"line":5,"column":0},"end":{"line":5,"column":54}},"5":{"start":{"line":9,"column":7},"end":{"line":22,"column":null}},"6":{"start":{"line":10,"column":31},"end":{"line":10,"column":45}},"7":{"start":{"line":13,"column":39},"end":{"line":13,"column":76}},"8":{"start":{"line":15,"column":14},"end":{"line":15,"column":49}},"9":{"start":{"line":17,"column":37},"end":{"line":17,"column":74}},"10":{"start":{"line":19,"column":64},"end":{"line":19,"column":105}},"11":{"start":{"line":21,"column":36},"end":{"line":21,"column":72}},"12":{"start":{"line":9,"column":13},"end":{"line":9,"column":28}},"13":{"start":{"line":13,"column":2},"end":{"line":13,"column":null}},"14":{"start":{"line":15,"column":2},"end":{"line":15,"column":null}},"15":{"start":{"line":17,"column":2},"end":{"line":17,"column":null}},"16":{"start":{"line":19,"column":2},"end":{"line":19,"column":null}},"17":{"start":{"line":21,"column":2},"end":{"line":21,"column":null}},"18":{"start":{"line":9,"column":13},"end":{"line":22,"column":null}}},"fnMap":{"0":{"name":"(anonymous_4)","decl":{"start":{"line":10,"column":2},"end":{"line":10,"column":31}},"loc":{"start":{"line":10,"column":57},"end":{"line":10,"column":61}}},"1":{"name":"(anonymous_5)","decl":{"start":{"line":13,"column":2},"end":{"line":13,"column":8}},"loc":{"start":{"line":13,"column":35},"end":{"line":13,"column":78}}},"2":{"name":"(anonymous_6)","decl":{"start":{"line":15,"column":2},"end":{"line":15,"column":9}},"loc":{"start":{"line":15,"column":9},"end":{"line":15,"column":51}}},"3":{"name":"(anonymous_7)","decl":{"start":{"line":17,"column":2},"end":{"line":17,"column":9}},"loc":{"start":{"line":17,"column":33},"end":{"line":17,"column":76}}},"4":{"name":"(anonymous_8)","decl":{"start":{"line":19,"column":2},"end":{"line":19,"column":8}},"loc":{"start":{"line":19,"column":60},"end":{"line":19,"column":107}}},"5":{"name":"(anonymous_9)","decl":{"start":{"line":21,"column":2},"end":{"line":21,"column":8}},"loc":{"start":{"line":21,"column":32},"end":{"line":21,"column":74}}}},"branchMap":{"0":{"loc":{"start":{"line":13,"column":22},"end":{"line":13,"column":39}},"type":"cond-expr","locations":[{"start":{"line":13,"column":35},"end":{"line":13,"column":39}},{"start":{"line":13,"column":35},"end":{"line":13,"column":39}}]},"1":{"loc":{"start":{"line":13,"column":22},"end":{"line":13,"column":35}},"type":"binary-expr","locations":[{"start":{"line":13,"column":22},"end":{"line":13,"column":39}},{"start":{"line":13,"column":22},"end":{"line":13,"column":35}}]},"2":{"loc":{"start":{"line":19,"column":47},"end":{"line":19,"column":64}},"type":"cond-expr","locations":[{"start":{"line":19,"column":60},"end":{"line":19,"column":64}},{"start":{"line":19,"column":60},"end":{"line":19,"column":64}}]},"3":{"loc":{"start":{"line":19,"column":47},"end":{"line":19,"column":60}},"type":"binary-expr","locations":[{"start":{"line":19,"column":47},"end":{"line":19,"column":64}},{"start":{"line":19,"column":47},"end":{"line":19,"column":60}}]},"4":{"loc":{"start":{"line":10,"column":45},"end":{"line":10,"column":60}},"type":"cond-expr","locations":[{"start":{"line":10,"column":57},"end":{"line":10,"column":60}},{"start":{"line":10,"column":57},"end":{"line":10,"column":60}}]},"5":{"loc":{"start":{"line":10,"column":45},"end":{"line":10,"column":57}},"type":"binary-expr","locations":[{"start":{"line":10,"column":45},"end":{"line":10,"column":60}},{"start":{"line":10,"column":45},"end":{"line":10,"column":57}}]}},"s":{"0":0,"1":0,"2":0,"3":0,"4":0,"5":0,"6":0,"7":0,"8":0,"9":0,"10":0,"11":0,"12":0,"13":0,"14":0,"15":0,"16":0,"17":0,"18":0},"f":{"0":0,"1":0,"2":0,"3":0,"4":0,"5":0},"b":{"0":[0,0],"1":[0,0],"2":[0,0],"3":[0,0],"4":[0,0],"5":[0,0]}}
,"/Users/bojanpavlovic/Desktop/Dev/angular-nest-prisma-sdet-tm-app-poc/backend/src/users/users.module.ts": {"path":"/Users/bojanpavlovic/Desktop/Dev/angular-nest-prisma-sdet-tm-app-poc/backend/src/users/users.module.ts","statementMap":{"0":{"start":{"line":1,"column":0},"end":{"line":1,"column":40}},"1":{"start":{"line":2,"column":0},"end":{"line":2,"column":53}},"2":{"start":{"line":3,"column":0},"end":{"line":3,"column":47}},"3":{"start":{"line":6,"column":7},"end":{"line":6,"column":null}},"4":{"start":{"line":6,"column":13},"end":{"line":6,"column":24}},"5":{"start":{"line":6,"column":13},"end":{"line":6,"column":null}}},"fnMap":{},"branchMap":{},"s":{"0":0,"1":0,"2":0,"3":0,"4":0,"5":0},"f":{},"b":{}}
,"/Users/bojanpavlovic/Desktop/Dev/angular-nest-prisma-sdet-tm-app-poc/backend/src/users/users.service.ts": {"path":"/Users/bojanpavlovic/Desktop/Dev/angular-nest-prisma-sdet-tm-app-poc/backend/src/users/users.service.ts","statementMap":{"0":{"start":{"line":1,"column":0},"end":{"line":1,"column":82}},"1":{"start":{"line":2,"column":0},"end":{"line":2,"column":57}},"2":{"start":{"line":7,"column":7},"end":{"line":43,"column":null}},"3":{"start":{"line":8,"column":31},"end":{"line":8,"column":39}},"4":{"start":{"line":11,"column":21},"end":{"line":11,"column":87}},"5":{"start":{"line":12,"column":4},"end":{"line":12,"column":85}},"6":{"start":{"line":12,"column":18},"end":{"line":12,"column":85}},"7":{"start":{"line":13,"column":17},"end":{"line":15,"column":6}},"8":{"start":{"line":16,"column":36},"end":{"line":16,"column":40}},"9":{"start":{"line":17,"column":4},"end":{"line":17,"column":18}},"10":{"start":{"line":21,"column":4},"end":{"line":21,"column":117}},"11":{"start":{"line":25,"column":17},"end":{"line":25,"column":69}},"12":{"start":{"line":26,"column":4},"end":{"line":26,"column":61}},"13":{"start":{"line":26,"column":15},"end":{"line":26,"column":61}},"14":{"start":{"line":27,"column":36},"end":{"line":27,"column":40}},"15":{"start":{"line":28,"column":4},"end":{"line":28,"column":18}},"16":{"start":{"line":32,"column":4},"end":{"line":32,"column":27}},"17":{"start":{"line":33,"column":17},"end":{"line":33,"column":76}},"18":{"start":{"line":34,"column":36},"end":{"line":34,"column":40}},"19":{"start":{"line":35,"column":4},"end":{"line":35,"column":18}},"20":{"start":{"line":39,"column":4},"end":{"line":39,"column":27}},"21":{"start":{"line":40,"column":4},"end":{"line":40,"column":53}},"22":{"start":{"line":41,"column":4},"end":{"line":41,"column":39}},"23":{"start":{"line":7,"column":13},"end":{"line":7,"column":25}},"24":{"start":{"line":7,"column":13},"end":{"line":43,"column":null}}},"fnMap":{"0":{"name":"(anonymous_2)","decl":{"start":{"line":8,"column":2},"end":{"line":8,"column":31}},"loc":{"start":{"line":8,"column":52},"end":{"line":8,"column":56}}},"1":{"name":"(anonymous_3)","decl":{"start":{"line":10,"column":2},"end":{"line":10,"column":7}},"loc":{"start":{"line":10,"column":33},"end":{"line":18,"column":3}}},"2":{"name":"(anonymous_4)","decl":{"start":{"line":20,"column":2},"end":{"line":20,"column":9}},"loc":{"start":{"line":20,"column":9},"end":{"line":22,"column":3}}},"3":{"name":"(anonymous_5)","decl":{"start":{"line":24,"column":2},"end":{"line":24,"column":7}},"loc":{"start":{"line":24,"column":26},"end":{"line":29,"column":3}}},"4":{"name":"(anonymous_6)","decl":{"start":{"line":31,"column":2},"end":{"line":31,"column":7}},"loc":{"start":{"line":31,"column":45},"end":{"line":36,"column":3}}},"5":{"name":"(anonymous_7)","decl":{"start":{"line":38,"column":2},"end":{"line":38,"column":7}},"loc":{"start":{"line":38,"column":25},"end":{"line":42,"column":3}}}},"branchMap":{"0":{"loc":{"start":{"line":12,"column":4},"end":{"line":12,"column":85}},"type":"if","locations":[{"start":{"line":12,"column":4},"end":{"line":12,"column":85}},{"start":{},"end":{}}]},"1":{"loc":{"start":{"line":14,"column":28},"end":{"line":14,"column":51}},"type":"binary-expr","locations":[{"start":{"line":14,"column":28},"end":{"line":14,"column":36}},{"start":{"line":14,"column":40},"end":{"line":14,"column":51}}]},"2":{"loc":{"start":{"line":14,"column":63},"end":{"line":14,"column":89}},"type":"binary-expr","locations":[{"start":{"line":14,"column":63},"end":{"line":14,"column":75}},{"start":{"line":14,"column":79},"end":{"line":14,"column":89}}]},"3":{"loc":{"start":{"line":26,"column":4},"end":{"line":26,"column":61}},"type":"if","locations":[{"start":{"line":26,"column":4},"end":{"line":26,"column":61}},{"start":{},"end":{}}]},"4":{"loc":{"start":{"line":8,"column":39},"end":{"line":8,"column":55}},"type":"cond-expr","locations":[{"start":{"line":8,"column":52},"end":{"line":8,"column":55}},{"start":{"line":8,"column":52},"end":{"line":8,"column":55}}]},"5":{"loc":{"start":{"line":8,"column":39},"end":{"line":8,"column":52}},"type":"binary-expr","locations":[{"start":{"line":8,"column":39},"end":{"line":8,"column":55}},{"start":{"line":8,"column":39},"end":{"line":8,"column":52}}]}},"s":{"0":1,"1":1,"2":1,"3":7,"4":2,"5":2,"6":1,"7":1,"8":1,"9":1,"10":1,"11":3,"12":3,"13":1,"14":2,"15":2,"16":1,"17":1,"18":1,"19":1,"20":1,"21":1,"22":1,"23":1,"24":1},"f":{"0":7,"1":2,"2":1,"3":3,"4":1,"5":1},"b":{"0":[1,1],"1":[1,0],"2":[1,1],"3":[1,2],"4":[1,0],"5":[1,1]}}
,"/Users/bojanpavlovic/Desktop/Dev/angular-nest-prisma-sdet-tm-app-poc/backend/src/users/dto/create-user.dto.ts": {"path":"/Users/bojanpavlovic/Desktop/Dev/angular-nest-prisma-sdet-tm-app-poc/backend/src/users/dto/create-user.dto.ts","statementMap":{"0":{"start":{"line":1,"column":0},"end":{"line":1,"column":67}},"1":{"start":{"line":2,"column":0},"end":{"line":2,"column":87}},"2":{"start":{"line":4,"column":0},"end":{"line":4,"column":13}},"3":{"start":{"line":8,"column":2},"end":{"line":8,"column":null}},"4":{"start":{"line":13,"column":2},"end":{"line":13,"column":null}},"5":{"start":{"line":19,"column":2},"end":{"line":19,"column":null}},"6":{"start":{"line":24,"column":2},"end":{"line":24,"column":null}}},"fnMap":{},"branchMap":{},"s":{"0":0,"1":0,"2":0,"3":0,"4":0,"5":0,"6":0},"f":{},"b":{}}
,"/Users/bojanpavlovic/Desktop/Dev/angular-nest-prisma-sdet-tm-app-poc/backend/src/users/dto/update-user.dto.ts": {"path":"/Users/bojanpavlovic/Desktop/Dev/angular-nest-prisma-sdet-tm-app-poc/backend/src/users/dto/update-user.dto.ts","statementMap":{"0":{"start":{"line":1,"column":0},"end":{"line":1,"column":51}},"1":{"start":{"line":2,"column":0},"end":{"line":2,"column":50}},"2":{"start":{"line":4,"column":0},"end":{"line":4,"column":13}}},"fnMap":{},"branchMap":{},"s":{"0":0,"1":0,"2":0},"f":{},"b":{}}
}
