TN:
SF:src/app.controller.ts
FN:6,(anonymous_2)
FN:9,(anonymous_3)
FNF:2
FNH:2
FNDA:1,(anonymous_2)
FNDA:1,(anonymous_3)
DA:1,1
DA:2,1
DA:5,1
DA:6,1
DA:9,1
DA:10,1
LF:6
LH:6
BRDA:6,0,0,1
BRDA:6,0,1,0
BRDA:6,1,0,1
BRDA:6,1,1,1
BRF:4
BRH:3
end_of_record
TN:
SF:src/app.module.ts
FNF:0
FNH:0
DA:1,0
DA:2,0
DA:3,0
DA:4,0
DA:5,0
DA:6,0
DA:7,0
DA:8,0
DA:9,0
DA:10,0
DA:20,0
LF:11
LH:0
BRF:0
BRH:0
end_of_record
TN:
SF:src/app.service.ts
FN:5,(anonymous_1)
FNF:1
FNH:1
FNDA:1,(anonymous_1)
DA:1,1
DA:4,1
DA:6,1
LF:3
LH:3
BRF:0
BRH:0
end_of_record
TN:
SF:src/main.ts
FN:6,bootstrap
FNF:1
FNH:0
FNDA:0,bootstrap
DA:1,0
DA:2,0
DA:3,0
DA:4,0
DA:7,0
DA:8,0
DA:9,0
DA:11,0
DA:20,0
DA:21,0
DA:23,0
DA:25,0
LF:12
LH:0
BRDA:23,0,0,0
BRDA:23,0,1,0
BRF:2
BRH:0
end_of_record
TN:
SF:src/auth/auth.controller.ts
FN:9,(anonymous_4)
FN:12,(anonymous_5)
FNF:2
FNH:0
FNDA:0,(anonymous_4)
FNDA:0,(anonymous_5)
DA:1,0
DA:2,0
DA:3,0
DA:4,0
DA:8,0
DA:9,0
DA:12,0
DA:13,0
LF:8
LH:0
BRDA:12,0,0,0
BRDA:12,0,1,0
BRDA:12,1,0,0
BRDA:12,1,1,0
BRDA:9,2,0,0
BRDA:9,2,1,0
BRDA:9,3,0,0
BRDA:9,3,1,0
BRF:8
BRH:0
end_of_record
TN:
SF:src/auth/auth.module.ts
FNF:0
FNH:0
DA:1,0
DA:2,0
DA:3,0
DA:6,0
LF:4
LH:0
BRF:0
BRH:0
end_of_record
TN:
SF:src/auth/auth.service.ts
FN:11,(anonymous_2)
FN:13,(anonymous_3)
FN:14,(anonymous_4)
FNF:3
FNH:3
FNDA:3,(anonymous_2)
FNDA:2,(anonymous_3)
FNDA:2,(anonymous_4)
DA:1,1
DA:2,1
DA:5,1
DA:10,1
DA:11,3
DA:14,2
DA:15,2
DA:16,1
DA:17,1
DA:18,1
DA:22,1
DA:23,1
LF:12
LH:12
BRDA:14,0,0,2
BRDA:14,0,1,1
BRDA:15,1,0,1
BRDA:15,1,1,1
BRDA:17,2,0,1
BRDA:17,2,1,0
BRDA:11,3,0,1
BRDA:11,3,1,0
BRDA:11,4,0,1
BRDA:11,4,1,1
BRF:10
BRH:8
end_of_record
TN:
SF:src/auth/dto/login.dto.ts
FNF:0
FNH:0
DA:1,0
DA:2,0
DA:4,0
DA:8,0
DA:14,0
LF:5
LH:0
BRF:0
BRH:0
end_of_record
TN:
SF:src/common/http-exception.filter.ts
FN:15,(anonymous_1)
FNF:1
FNH:0
FNDA:0,(anonymous_1)
DA:1,0
DA:12,0
DA:13,0
DA:16,0
DA:17,0
DA:18,0
DA:19,0
DA:20,0
DA:21,0
DA:22,0
DA:23,0
LF:11
LH:0
BRDA:19,0,0,0
BRDA:19,0,1,0
BRDA:20,1,0,0
BRDA:20,1,1,0
BRDA:20,2,0,0
BRDA:20,2,1,0
BRDA:21,3,0,0
BRDA:21,3,1,0
BRDA:21,4,0,0
BRDA:21,4,1,0
BRDA:21,4,2,0
BRDA:22,5,0,0
BRDA:22,5,1,0
BRF:13
BRH:0
end_of_record
TN:
SF:src/prisma/prisma.module.ts
FNF:0
FNH:0
DA:1,0
DA:2,0
DA:6,0
LF:3
LH:0
BRF:0
BRH:0
end_of_record
TN:
SF:src/prisma/prisma.service.ts
FN:6,(anonymous_1)
FN:9,(anonymous_2)
FNF:2
FNH:0
FNDA:0,(anonymous_1)
FNDA:0,(anonymous_2)
DA:1,4
DA:2,4
DA:5,4
DA:7,0
DA:10,0
LF:5
LH:3
BRF:0
BRH:0
end_of_record
TN:
SF:src/projects/projects.controller.ts
FN:10,(anonymous_4)
FN:13,(anonymous_5)
FN:15,(anonymous_6)
FN:17,(anonymous_7)
FN:19,(anonymous_8)
FN:21,(anonymous_9)
FNF:6
FNH:0
FNDA:0,(anonymous_4)
FNDA:0,(anonymous_5)
FNDA:0,(anonymous_6)
FNDA:0,(anonymous_7)
FNDA:0,(anonymous_8)
FNDA:0,(anonymous_9)
DA:1,0
DA:2,0
DA:3,0
DA:4,0
DA:5,0
DA:9,0
DA:10,0
DA:13,0
DA:15,0
DA:17,0
DA:19,0
DA:21,0
LF:12
LH:0
BRDA:13,0,0,0
BRDA:13,0,1,0
BRDA:13,1,0,0
BRDA:13,1,1,0
BRDA:19,2,0,0
BRDA:19,2,1,0
BRDA:19,3,0,0
BRDA:19,3,1,0
BRDA:10,4,0,0
BRDA:10,4,1,0
BRDA:10,5,0,0
BRDA:10,5,1,0
BRF:12
BRH:0
end_of_record
TN:
SF:src/projects/projects.module.ts
FNF:0
FNH:0
DA:1,0
DA:2,0
DA:3,0
DA:6,0
LF:4
LH:0
BRF:0
BRH:0
end_of_record
TN:
SF:src/projects/projects.service.ts
FN:8,(anonymous_2)
FN:10,(anonymous_3)
FN:14,(anonymous_4)
FN:18,(anonymous_5)
FN:24,(anonymous_6)
FN:28,(anonymous_7)
FNF:6
FNH:6
FNDA:6,(anonymous_2)
FNDA:1,(anonymous_3)
FNDA:1,(anonymous_4)
FNDA:1,(anonymous_5)
FNDA:1,(anonymous_6)
FNDA:1,(anonymous_7)
DA:1,1
DA:2,1
DA:7,1
DA:8,6
DA:11,1
DA:15,1
DA:19,1
DA:20,1
DA:21,0
DA:25,1
DA:29,1
DA:30,1
DA:31,1
LF:13
LH:12
BRDA:20,0,0,1
BRDA:20,0,1,0
BRDA:8,1,0,1
BRDA:8,1,1,0
BRDA:8,2,0,1
BRDA:8,2,1,1
BRF:6
BRH:4
end_of_record
TN:
SF:src/projects/dto/create-project.dto.ts
FNF:0
FNH:0
DA:1,0
DA:2,0
DA:4,0
DA:8,0
DA:13,0
LF:5
LH:0
BRF:0
BRH:0
end_of_record
TN:
SF:src/projects/dto/update-project.dto.ts
FNF:0
FNH:0
DA:1,0
DA:2,0
DA:4,0
LF:3
LH:0
BRF:0
BRH:0
end_of_record
TN:
SF:src/tasks/tasks.controller.ts
FN:10,(anonymous_4)
FN:13,(anonymous_5)
FN:15,(anonymous_6)
FN:17,(anonymous_7)
FN:19,(anonymous_8)
FN:21,(anonymous_9)
FNF:6
FNH:0
FNDA:0,(anonymous_4)
FNDA:0,(anonymous_5)
FNDA:0,(anonymous_6)
FNDA:0,(anonymous_7)
FNDA:0,(anonymous_8)
FNDA:0,(anonymous_9)
DA:1,0
DA:2,0
DA:3,0
DA:4,0
DA:5,0
DA:9,0
DA:10,0
DA:13,0
DA:15,0
DA:17,0
DA:19,0
DA:21,0
LF:12
LH:0
BRDA:13,0,0,0
BRDA:13,0,1,0
BRDA:13,1,0,0
BRDA:13,1,1,0
BRDA:19,2,0,0
BRDA:19,2,1,0
BRDA:19,3,0,0
BRDA:19,3,1,0
BRDA:10,4,0,0
BRDA:10,4,1,0
BRDA:10,5,0,0
BRDA:10,5,1,0
BRF:12
BRH:0
end_of_record
TN:
SF:src/tasks/tasks.module.ts
FNF:0
FNH:0
DA:1,0
DA:2,0
DA:3,0
DA:6,0
LF:4
LH:0
BRF:0
BRH:0
end_of_record
TN:
SF:src/tasks/tasks.service.ts
FN:8,(anonymous_2)
FN:10,(anonymous_3)
FN:16,(anonymous_4)
FN:24,(anonymous_5)
FN:30,(anonymous_6)
FN:37,(anonymous_7)
FNF:6
FNH:6
FNDA:7,(anonymous_2)
FNDA:1,(anonymous_3)
FNDA:2,(anonymous_4)
FNDA:1,(anonymous_5)
FNDA:1,(anonymous_6)
FNDA:1,(anonymous_7)
DA:1,1
DA:2,1
DA:7,1
DA:8,7
DA:11,1
DA:17,2
DA:18,2
DA:25,1
DA:26,1
DA:27,0
DA:31,1
DA:38,1
DA:39,1
DA:40,1
LF:14
LH:13
BRDA:12,0,0,1
BRDA:12,0,1,1
BRDA:12,1,0,1
BRDA:12,1,1,1
BRDA:17,2,0,1
BRDA:17,2,1,1
BRDA:26,3,0,1
BRDA:26,3,1,0
BRDA:8,4,0,1
BRDA:8,4,1,0
BRDA:8,5,0,1
BRDA:8,5,1,1
BRF:12
BRH:10
end_of_record
TN:
SF:src/tasks/dto/create-task.dto.ts
FNF:0
FNH:0
DA:1,0
DA:2,0
DA:4,0
DA:8,0
DA:13,0
DA:18,0
DA:23,0
DA:28,0
DA:33,0
LF:9
LH:0
BRF:0
BRH:0
end_of_record
TN:
SF:src/tasks/dto/update-task.dto.ts
FNF:0
FNH:0
DA:1,0
DA:2,0
DA:4,0
LF:3
LH:0
BRF:0
BRH:0
end_of_record
TN:
SF:src/users/users.controller.ts
FN:10,(anonymous_4)
FN:13,(anonymous_5)
FN:15,(anonymous_6)
FN:17,(anonymous_7)
FN:19,(anonymous_8)
FN:21,(anonymous_9)
FNF:6
FNH:0
FNDA:0,(anonymous_4)
FNDA:0,(anonymous_5)
FNDA:0,(anonymous_6)
FNDA:0,(anonymous_7)
FNDA:0,(anonymous_8)
FNDA:0,(anonymous_9)
DA:1,0
DA:2,0
DA:3,0
DA:4,0
DA:5,0
DA:9,0
DA:10,0
DA:13,0
DA:15,0
DA:17,0
DA:19,0
DA:21,0
LF:12
LH:0
BRDA:13,0,0,0
BRDA:13,0,1,0
BRDA:13,1,0,0
BRDA:13,1,1,0
BRDA:19,2,0,0
BRDA:19,2,1,0
BRDA:19,3,0,0
BRDA:19,3,1,0
BRDA:10,4,0,0
BRDA:10,4,1,0
BRDA:10,5,0,0
BRDA:10,5,1,0
BRF:12
BRH:0
end_of_record
TN:
SF:src/users/users.module.ts
FNF:0
FNH:0
DA:1,0
DA:2,0
DA:3,0
DA:6,0
LF:4
LH:0
BRF:0
BRH:0
end_of_record
TN:
SF:src/users/users.service.ts
FN:8,(anonymous_2)
FN:10,(anonymous_3)
FN:20,(anonymous_4)
FN:24,(anonymous_5)
FN:31,(anonymous_6)
FN:38,(anonymous_7)
FNF:6
FNH:6
FNDA:7,(anonymous_2)
FNDA:2,(anonymous_3)
FNDA:1,(anonymous_4)
FNDA:3,(anonymous_5)
FNDA:1,(anonymous_6)
FNDA:1,(anonymous_7)
DA:1,1
DA:2,1
DA:7,1
DA:8,7
DA:11,2
DA:12,2
DA:13,1
DA:16,1
DA:17,1
DA:21,1
DA:25,3
DA:26,3
DA:27,2
DA:28,2
DA:32,1
DA:33,1
DA:34,1
DA:35,1
DA:39,1
DA:40,1
DA:41,1
LF:21
LH:21
BRDA:12,0,0,1
BRDA:12,0,1,1
BRDA:14,1,0,1
BRDA:14,1,1,0
BRDA:14,2,0,1
BRDA:14,2,1,1
BRDA:26,3,0,1
BRDA:26,3,1,2
BRDA:8,4,0,1
BRDA:8,4,1,0
BRDA:8,5,0,1
BRDA:8,5,1,1
BRF:12
BRH:10
end_of_record
TN:
SF:src/users/dto/create-user.dto.ts
FNF:0
FNH:0
DA:1,0
DA:2,0
DA:4,0
DA:8,0
DA:13,0
DA:19,0
DA:24,0
LF:7
LH:0
BRF:0
BRH:0
end_of_record
TN:
SF:src/users/dto/update-user.dto.ts
FNF:0
FNH:0
DA:1,0
DA:2,0
DA:4,0
LF:3
LH:0
BRF:0
BRH:0
end_of_record
